Determining if the pthread_create exist failed with the following output:
Change Dir: /home/ros_user/COMP0037_CW1/build/CMakeFiles/CMakeTmp

Run Build Command:"/usr/bin/make" "cmTC_8bd98/fast"
/usr/bin/make -f CMakeFiles/cmTC_8bd98.dir/build.make CMakeFiles/cmTC_8bd98.dir/build
make[1]: Entering directory '/home/ros_user/COMP0037_CW1/build/CMakeFiles/CMakeTmp'
Building C object CMakeFiles/cmTC_8bd98.dir/CheckSymbolExists.c.o
/usr/bin/cc     -o CMakeFiles/cmTC_8bd98.dir/CheckSymbolExists.c.o   -c /home/ros_user/COMP0037_CW1/build/CMakeFiles/CMakeTmp/CheckSymbolExists.c
Linking C executable cmTC_8bd98
/usr/bin/cmake -E cmake_link_script CMakeFiles/cmTC_8bd98.dir/link.txt --verbose=1
/usr/bin/cc       CMakeFiles/cmTC_8bd98.dir/CheckSymbolExists.c.o  -o cmTC_8bd98 -rdynamic 
CMakeFiles/cmTC_8bd98.dir/CheckSymbolExists.c.o: In function `main':
CheckSymbolExists.c:(.text+0x16): undefined reference to `pthread_create'
collect2: error: ld returned 1 exit status
CMakeFiles/cmTC_8bd98.dir/build.make:97: recipe for target 'cmTC_8bd98' failed
make[1]: *** [cmTC_8bd98] Error 1
make[1]: Leaving directory '/home/ros_user/COMP0037_CW1/build/CMakeFiles/CMakeTmp'
Makefile:126: recipe for target 'cmTC_8bd98/fast' failed
make: *** [cmTC_8bd98/fast] Error 2

File /home/ros_user/COMP0037_CW1/build/CMakeFiles/CMakeTmp/CheckSymbolExists.c:
/* */
#include <pthread.h>

int main(int argc, char** argv)
{
  (void)argv;
#ifndef pthread_create
  return ((int*)(&pthread_create))[argc];
#else
  (void)argc;
  return 0;
#endif
}

Determining if the function pthread_create exists in the pthreads failed with the following output:
Change Dir: /home/ros_user/COMP0037_CW1/build/CMakeFiles/CMakeTmp

Run Build Command:"/usr/bin/make" "cmTC_8a29a/fast"
/usr/bin/make -f CMakeFiles/cmTC_8a29a.dir/build.make CMakeFiles/cmTC_8a29a.dir/build
make[1]: Entering directory '/home/ros_user/COMP0037_CW1/build/CMakeFiles/CMakeTmp'
Building C object CMakeFiles/cmTC_8a29a.dir/CheckFunctionExists.c.o
/usr/bin/cc    -DCHECK_FUNCTION_EXISTS=pthread_create   -o CMakeFiles/cmTC_8a29a.dir/CheckFunctionExists.c.o   -c /usr/share/cmake-3.5/Modules/CheckFunctionExists.c
Linking C executable cmTC_8a29a
/usr/bin/cmake -E cmake_link_script CMakeFiles/cmTC_8a29a.dir/link.txt --verbose=1
/usr/bin/cc   -DCHECK_FUNCTION_EXISTS=pthread_create    CMakeFiles/cmTC_8a29a.dir/CheckFunctionExists.c.o  -o cmTC_8a29a -rdynamic -lpthreads 
/usr/bin/ld: cannot find -lpthreads
collect2: error: ld returned 1 exit status
CMakeFiles/cmTC_8a29a.dir/build.make:97: recipe for target 'cmTC_8a29a' failed
make[1]: *** [cmTC_8a29a] Error 1
make[1]: Leaving directory '/home/ros_user/COMP0037_CW1/build/CMakeFiles/CMakeTmp'
Makefile:126: recipe for target 'cmTC_8a29a/fast' failed
make: *** [cmTC_8a29a/fast] Error 2


Determining if the Q_WS_WIN exist failed with the following output:
Change Dir: /home/ros_user/COMP0037_CW1/build/CMakeFiles/CMakeTmp

Run Build Command:"/usr/bin/make" "cmTC_cba91/fast"
/usr/bin/make -f CMakeFiles/cmTC_cba91.dir/build.make CMakeFiles/cmTC_cba91.dir/build
make[1]: Entering directory '/home/ros_user/COMP0037_CW1/build/CMakeFiles/CMakeTmp'
Building CXX object CMakeFiles/cmTC_cba91.dir/CheckSymbolExists.cxx.o
/usr/bin/c++    -I/usr/include/qt4   -o CMakeFiles/cmTC_cba91.dir/CheckSymbolExists.cxx.o -c /home/ros_user/COMP0037_CW1/build/CMakeFiles/CMakeTmp/CheckSymbolExists.cxx
/home/ros_user/COMP0037_CW1/build/CMakeFiles/CMakeTmp/CheckSymbolExists.cxx: In function ‘int main(int, char**)’:
/home/ros_user/COMP0037_CW1/build/CMakeFiles/CMakeTmp/CheckSymbolExists.cxx:8:19: error: ‘Q_WS_WIN’ was not declared in this scope
   return ((int*)(&Q_WS_WIN))[argc];
                   ^
CMakeFiles/cmTC_cba91.dir/build.make:65: recipe for target 'CMakeFiles/cmTC_cba91.dir/CheckSymbolExists.cxx.o' failed
make[1]: *** [CMakeFiles/cmTC_cba91.dir/CheckSymbolExists.cxx.o] Error 1
make[1]: Leaving directory '/home/ros_user/COMP0037_CW1/build/CMakeFiles/CMakeTmp'
Makefile:126: recipe for target 'cmTC_cba91/fast' failed
make: *** [cmTC_cba91/fast] Error 2

File /home/ros_user/COMP0037_CW1/build/CMakeFiles/CMakeTmp/CheckSymbolExists.cxx:
/* */
#include <QtCore/qglobal.h>

int main(int argc, char** argv)
{
  (void)argv;
#ifndef Q_WS_WIN
  return ((int*)(&Q_WS_WIN))[argc];
#else
  (void)argc;
  return 0;
#endif
}

Determining if the Q_WS_QWS exist failed with the following output:
Change Dir: /home/ros_user/COMP0037_CW1/build/CMakeFiles/CMakeTmp

Run Build Command:"/usr/bin/make" "cmTC_21242/fast"
/usr/bin/make -f CMakeFiles/cmTC_21242.dir/build.make CMakeFiles/cmTC_21242.dir/build
make[1]: Entering directory '/home/ros_user/COMP0037_CW1/build/CMakeFiles/CMakeTmp'
Building CXX object CMakeFiles/cmTC_21242.dir/CheckSymbolExists.cxx.o
/usr/bin/c++    -I/usr/include/qt4   -o CMakeFiles/cmTC_21242.dir/CheckSymbolExists.cxx.o -c /home/ros_user/COMP0037_CW1/build/CMakeFiles/CMakeTmp/CheckSymbolExists.cxx
/home/ros_user/COMP0037_CW1/build/CMakeFiles/CMakeTmp/CheckSymbolExists.cxx: In function ‘int main(int, char**)’:
/home/ros_user/COMP0037_CW1/build/CMakeFiles/CMakeTmp/CheckSymbolExists.cxx:8:19: error: ‘Q_WS_QWS’ was not declared in this scope
   return ((int*)(&Q_WS_QWS))[argc];
                   ^
CMakeFiles/cmTC_21242.dir/build.make:65: recipe for target 'CMakeFiles/cmTC_21242.dir/CheckSymbolExists.cxx.o' failed
make[1]: *** [CMakeFiles/cmTC_21242.dir/CheckSymbolExists.cxx.o] Error 1
make[1]: Leaving directory '/home/ros_user/COMP0037_CW1/build/CMakeFiles/CMakeTmp'
Makefile:126: recipe for target 'cmTC_21242/fast' failed
make: *** [cmTC_21242/fast] Error 2

File /home/ros_user/COMP0037_CW1/build/CMakeFiles/CMakeTmp/CheckSymbolExists.cxx:
/* */
#include <QtCore/qglobal.h>

int main(int argc, char** argv)
{
  (void)argv;
#ifndef Q_WS_QWS
  return ((int*)(&Q_WS_QWS))[argc];
#else
  (void)argc;
  return 0;
#endif
}

Determining if the Q_WS_MAC exist failed with the following output:
Change Dir: /home/ros_user/COMP0037_CW1/build/CMakeFiles/CMakeTmp

Run Build Command:"/usr/bin/make" "cmTC_81ee2/fast"
/usr/bin/make -f CMakeFiles/cmTC_81ee2.dir/build.make CMakeFiles/cmTC_81ee2.dir/build
make[1]: Entering directory '/home/ros_user/COMP0037_CW1/build/CMakeFiles/CMakeTmp'
Building CXX object CMakeFiles/cmTC_81ee2.dir/CheckSymbolExists.cxx.o
/usr/bin/c++    -I/usr/include/qt4   -o CMakeFiles/cmTC_81ee2.dir/CheckSymbolExists.cxx.o -c /home/ros_user/COMP0037_CW1/build/CMakeFiles/CMakeTmp/CheckSymbolExists.cxx
/home/ros_user/COMP0037_CW1/build/CMakeFiles/CMakeTmp/CheckSymbolExists.cxx: In function ‘int main(int, char**)’:
/home/ros_user/COMP0037_CW1/build/CMakeFiles/CMakeTmp/CheckSymbolExists.cxx:8:19: error: ‘Q_WS_MAC’ was not declared in this scope
   return ((int*)(&Q_WS_MAC))[argc];
                   ^
CMakeFiles/cmTC_81ee2.dir/build.make:65: recipe for target 'CMakeFiles/cmTC_81ee2.dir/CheckSymbolExists.cxx.o' failed
make[1]: *** [CMakeFiles/cmTC_81ee2.dir/CheckSymbolExists.cxx.o] Error 1
make[1]: Leaving directory '/home/ros_user/COMP0037_CW1/build/CMakeFiles/CMakeTmp'
Makefile:126: recipe for target 'cmTC_81ee2/fast' failed
make: *** [cmTC_81ee2/fast] Error 2

File /home/ros_user/COMP0037_CW1/build/CMakeFiles/CMakeTmp/CheckSymbolExists.cxx:
/* */
#include <QtCore/qglobal.h>

int main(int argc, char** argv)
{
  (void)argv;
#ifndef Q_WS_MAC
  return ((int*)(&Q_WS_MAC))[argc];
#else
  (void)argc;
  return 0;
#endif
}

